############################################################
Script: step02_check_manipulation.R 
Started: 2026-05-14 20:06:01 EDT 
############################################################

Rows in loaded data: 1848 

Number of respondents in Study 2 analysis data:
# A tibble: 1 × 2
   rows unique_respondents
  <int>              <int>
1  1848               1848

Number of respondents by treatment cell:
# A tibble: 8 × 4
    who result casualty     n
  <dbl>  <dbl>    <dbl> <int>
1     0      0        0   251
2     0      0        1   239
3     0      1        0   231
4     0      1        1   234
5     1      0        0   197
6     1      0        1   223
7     1      1        0   243
8     1      1        1   230
# A tibble: 1 × 3
  Q4.1              screener     n
  <chr>             <lgl>    <int>
1 毎日,まったくない NA        1848
       [,1]           
mean   "9.26039 mins" 
median "6.316667 mins"
# A tibble: 1 × 1
  start              
  <dttm>             
1 2021-08-30 12:43:51
# A tibble: 1 × 1
  end                
  <dttm>             
1 2021-08-31 16:28:15
             variable num_NAs
1    Q_RecaptchaScore      10
2                Q6.2     983
3                Q6.3     865
4                Q8.6       1
5 Q_BallotBoxStuffing    1848
6            screener    1848
# A tibble: 21 × 4
   Q6.1                     Q6.2                   Q6.3             n
   <chr>                    <chr>                  <chr>        <int>
 1 その他                   あまり熱心でない支持者 <NA>            31
 2 その他                   熱心な支持者           <NA>             3
 3 どの政党も支持していない <NA>                   その他         385
 4 どの政党も支持していない <NA>                   公明党          25
 5 どの政党も支持していない <NA>                   国民民主党      50
 6 どの政党も支持していない <NA>                   日本共産党      50
 7 どの政党も支持していない <NA>                   日本維新の会   130
 8 どの政党も支持していない <NA>                   立憲民主党     102
 9 どの政党も支持していない <NA>                   自由民主党     241
10 公明党                   あまり熱心でない支持者 <NA>            27
11 公明党                   熱心な支持者           <NA>            10
12 国民民主党               あまり熱心でない支持者 <NA>            40
13 国民民主党               熱心な支持者           <NA>            11
14 日本共産党               あまり熱心でない支持者 <NA>            56
15 日本共産党               熱心な支持者           <NA>             6
16 日本維新の会             あまり熱心でない支持者 <NA>           104
17 日本維新の会             熱心な支持者           <NA>             7
18 立憲民主党               あまり熱心でない支持者 <NA>           107
19 立憲民主党               熱心な支持者           <NA>             6
20 自由民主党               あまり熱心でない支持者 <NA>           416
21 自由民主党               熱心な支持者           <NA>            41
# A tibble: 9 × 2
  Q8.6                       n
  <chr>                  <int>
1 ０〜１９９万円           192
2 １０００〜１１９９万円   101
3 １２００〜１３９９万円    51
4 １４００万円以上          79
5 ２００〜３９９万円       444
6 ４００〜５９９万円       430
7 ６００〜７９９万円       330
8 ８００〜９９９万円       220
9 <NA>                       1
# A tibble: 8 × 3
    who `Added - Q7`                   n
  <dbl> <chr>                      <int>
1     0 国会                          24
2     0 自衛隊の統合任務部隊指揮官    46
3     0 菅首相                       801
4     0 防衛大臣                      84
5     1 国会                          46
6     1 自衛隊の統合任務部隊指揮官   528
7     1 菅首相                       159
8     1 防衛大臣                     160
# A tibble: 8 × 3
  outcome                                                     `Added - Q8`     n
  <chr>                                                       <chr>        <int>
1 作戦は失敗し、１台を除いて無事に空港まで護送することができませんでした…… 作戦は失敗し、１台も無…    96
2 作戦は失敗し、１台を除いて無事に空港まで護送することができませんでした…… 作戦は失敗し、１台を除…   749
3 作戦は失敗し、１台を除いて無事に空港まで護送することができませんでした…… 作戦は失敗し、２台を除…    30
4 作戦は失敗し、１台を除いて無事に空港まで護送することができませんでした…… 作戦は成功し、５台すべ…    63
5 作戦は成功し、５台すべてを無事に空港まで護送することができました…… 作戦は失敗し、１台も無…    28
6 作戦は成功し、５台すべてを無事に空港まで護送することができました…… 作戦は失敗し、１台を除…    30
7 作戦は成功し、５台すべてを無事に空港まで護送することができました…… 作戦は失敗し、２台を除…    25
8 作戦は成功し、５台すべてを無事に空港まで護送することができました…… 作戦は成功し、５台すべ…   827
# A tibble: 6 × 3
  casualty `Added - Q9`                     n
     <dbl> <chr>                        <int>
1        0 出た                            29
2        0 出なかった                     821
3        0 死傷者に関する記載はなかった    72
4        1 出た                           799
5        1 出なかった                      47
6        1 死傷者に関する記載はなかった    80
# A tibble: 8 × 5
  correctA correctB correctC     n    pct
     <dbl>    <dbl>    <dbl> <int>  <dbl>
1        0        0        0    58 0.0314
2        0        0        1    86 0.0465
3        0        1        0    58 0.0314
4        0        1        1   317 0.172 
5        1        0        0    31 0.0168
6        1        0        1    97 0.0525
7        1        1        0    81 0.0438
8        1        1        1  1120 0.606 
# A tibble: 4 × 3
  correct_sum     n   pct
        <dbl> <int> <dbl>
1           0    58   3.1
2           1   175   9.5
3           2   495  26.8
4           3  1120  60.6

############################################################
Ended: 2026-05-14 20:06:02 EDT 
############################################################

--- warnings() at end of script ---
None
