Run Time
Started: 2026-05-14 20:06:00 EDT
Ended:   2026-05-14 20:06:03 EDT
Elapsed: 2.907519 secs

Scripts Run
- scripts/step01_read_data.R
- scripts/step02_check_manipulation.R
- scripts/step03_check_quotas.R
- scripts/step04_test_hypotheses.R

Session Information
R version 4.6.0 (2026-04-24)
Platform: x86_64-apple-darwin20
Running under: macOS Tahoe 26.4

Matrix products: default
BLAS:   /Library/Frameworks/R.framework/Versions/4.6-x86_64/Resources/lib/libRblas.0.dylib 
LAPACK: /Library/Frameworks/R.framework/Versions/4.6-x86_64/Resources/lib/libRlapack.dylib;  LAPACK version 3.12.1

locale:
[1] C.UTF-8/C.UTF-8/C.UTF-8/C/C.UTF-8/C.UTF-8

time zone: America/New_York
tzcode source: internal

attached base packages:
[1] stats     graphics  grDevices utils     datasets  methods   base     

other attached packages:
 [1] modelsummary_2.6.0 cowplot_1.2.0      ggrepel_0.9.8      readxl_1.4.5      
 [5] patchwork_1.3.2    ggthemes_5.2.0     estimatr_1.0.6     lubridate_1.9.5   
 [9] forcats_1.0.1      stringr_1.6.0      dplyr_1.2.1        purrr_1.2.2       
[13] readr_2.2.0        tidyr_1.3.2        tibble_3.3.1       ggplot2_4.0.3     
[17] tidyverse_2.0.0   

loaded via a namespace (and not attached):
 [1] gtable_0.3.6        bayestestR_0.17.0   xfun_0.57          
 [4] insight_1.5.0       tzdb_0.5.0          vctrs_0.7.3        
 [7] tools_4.6.0         generics_0.1.4      datawizard_1.3.0   
[10] parallel_4.6.0      pkgconfig_2.0.3     tinytable_0.16.0   
[13] checkmate_2.3.4     data.table_1.18.2.1 RColorBrewer_1.1-3 
[16] S7_0.2.2            lifecycle_1.0.5     compiler_4.6.0     
[19] farver_2.1.2        textshaping_1.0.5   htmltools_0.5.9    
[22] Formula_1.2-5       pillar_1.11.1       crayon_1.5.3       
[25] tidyselect_1.2.1    digest_0.6.39       performance_0.16.0 
[28] stringi_1.8.7       labeling_0.4.3      fastmap_1.2.0      
[31] grid_4.6.0          cli_3.6.6           magrittr_2.0.5     
[34] utf8_1.2.6          withr_3.0.2         backports_1.5.1    
[37] scales_1.4.0        bit64_4.8.0         timechange_0.4.0   
[40] bit_4.6.0           otel_0.2.0          cellranger_1.1.0   
[43] ragg_1.5.2          hms_1.1.4           evaluate_1.0.5     
[46] knitr_1.51          parameters_0.28.3   rlang_1.2.0        
[49] Rcpp_1.1.1-1.1      glue_1.8.1          vroom_1.7.1        
[52] R6_2.6.1            tables_0.9.33       systemfonts_1.3.2  
